<?xml version="1.0" encoding="utf-8"?><testsuites name="pytest tests"><testsuite name="pytest" errors="0" failures="0" skipped="0" tests="8" time="2.297" timestamp="2026-08-15T20:11:18.888215+00:00" hostname="agent-env-f832021f-7f34-4248-b993-9ff17e638a24"><testcase classname="tests.test_iteration3_gdp_loyalty" name="test_products_order_and_gdp" time="0.662" /><testcase classname="tests.test_iteration3_gdp_loyalty" name="test_loyalty_coupon_generated_on_third_order" time="0.103" /><testcase classname="tests.test_iteration3_gdp_loyalty" name="test_no_loyalty_coupon_on_redemption_order" time="0.054" /><testcase classname="tests.test_iteration3_gdp_loyalty" name="test_gdp_auto_coupon_first_purchase" time="0.050" /><testcase classname="tests.test_iteration3_gdp_loyalty" name="test_gdp_second_purchase_no_auto_coupon" time="0.056" /><testcase classname="tests.test_iteration3_gdp_loyalty" name="test_gdp_scope_coupon_rejected_without_gdp_item" time="0.053" /><testcase classname="tests.test_iteration3_gdp_loyalty" name="test_loyalty_coupon_single_use" time="0.154" /><testcase classname="tests.test_iteration3_gdp_loyalty" name="test_zzz_restore_user" time="0.011" /></testsuite></testsuites>