<?xml version="1.0" encoding="utf-8"?><testsuites name="pytest tests"><testsuite name="pytest" errors="0" failures="0" skipped="0" tests="41" time="11.159" timestamp="2026-08-15T20:51:15.733877+00:00" hostname="agent-env-f832021f-7f34-4248-b993-9ff17e638a24"><testcase classname="tests.backend_test.TestAdmin" name="test_non_admin_forbidden" time="0.136" /><testcase classname="tests.backend_test.TestAdmin" name="test_admin_orders" time="0.281" /><testcase classname="tests.backend_test.TestAdmin" name="test_admin_clients" time="0.109" /><testcase classname="tests.test_iteration3_gdp_loyalty" name="test_products_order_and_gdp" time="0.575" /><testcase classname="tests.backend_test.TestAdmin" name="test_admin_products_crud" time="0.520" /><testcase classname="tests.test_iteration3_gdp_loyalty" name="test_loyalty_coupon_generated_on_third_order" time="0.151" /><testcase classname="tests.test_iteration3_gdp_loyalty" name="test_no_loyalty_coupon_on_redemption_order" time="0.055" /><testcase classname="tests.test_iteration3_gdp_loyalty" name="test_gdp_auto_coupon_first_purchase" time="0.056" /><testcase classname="tests.test_iteration3_gdp_loyalty" name="test_gdp_second_purchase_no_auto_coupon" time="0.059" /><testcase classname="tests.test_iteration3_gdp_loyalty" name="test_gdp_scope_coupon_rejected_without_gdp_item" time="0.097" /><testcase classname="tests.test_iteration3_gdp_loyalty" name="test_loyalty_coupon_single_use" time="0.202" /><testcase classname="tests.backend_test.TestAdmin" name="test_admin_settings_update" time="0.218" /><testcase classname="tests.test_iteration3_gdp_loyalty" name="test_zzz_restore_user" time="0.011" /><testcase classname="tests.backend_test.TestAuth" name="test_auth_me" time="0.109" /><testcase classname="tests.test_iteration2_features.TestAuthPhone" name="test_register_cliente_creates_referral_code_and_session" time="0.391" /><testcase classname="tests.backend_test.TestAuth" name="test_auth_me_unauthorized" time="0.279" /><testcase classname="tests.backend_test.TestAuth" name="test_orders_my_empty" time="0.108" /><testcase classname="tests.test_iteration2_features.TestAuthPhone" name="test_register_duplicate_phone_400" time="0.492" /><testcase classname="tests.backend_test.TestAuth" name="test_loyalty_me" time="0.279" /><testcase classname="tests.test_iteration2_features.TestOrderFeatures" name="test_p13_purchase_unlocks_referral" time="0.757" /><testcase classname="tests.test_iteration2_features.TestAuthPhone" name="test_register_comercio_pending" time="0.496" /><testcase classname="tests.test_iteration2_features.TestAuthPhone" name="test_login_ok_and_wrong_password" time="1.434" /><testcase classname="tests.test_iteration2_features.TestOrderFeatures" name="test_referral_credits_indicator_and_blocks_self_ref" time="1.739" /><testcase classname="tests.test_iteration2_features.TestAuthPhone" name="test_brute_force_lockout_behavior" time="2.070" /><testcase classname="tests.test_iteration2_features.TestOrderFeatures" name="test_order_with_coupon_fixed_and_use_credit" time="1.578" /><testcase classname="tests.test_iteration2_features.TestOrderFeatures" name="test_business_order_is_price_negotiable" time="0.430" /><testcase classname="tests.backend_test.TestOrdersGuest" name="test_create_order_joao_pessoa" time="0.339" /><testcase classname="tests.backend_test.TestOrdersGuest" name="test_reject_outside_joao_pessoa" time="0.216" /><testcase classname="tests.backend_test.TestLoyalty" name="test_third_order_yields_loyalty_coupon" time="0.257" /><testcase classname="tests.backend_test.TestOrdersGuest" name="test_accept_case_insensitive_city" time="0.407" /><testcase classname="tests.backend_test.TestLoyalty" name="test_order_count_increments" time="0.001" /><testcase classname="tests.test_iteration2_features.TestUpload" name="test_upload_facade_jpg_and_serve" time="0.635" /><testcase classname="tests.test_iteration2_features.TestCoupons" name="test_admin_coupon_crud_and_validate" time="2.815" /><testcase classname="tests.test_iteration2_features.TestUpload" name="test_upload_rejects_bad_mime" time="0.105" /><testcase classname="tests.test_iteration4_whatsapp_cleanup" name="test_gdp_order_logged_in_message_clean" time="0.471" /><testcase classname="tests.test_iteration4_whatsapp_cleanup" name="test_p13_guest_order_message_clean" time="0.108" /><testcase classname="tests.backend_test.TestSettings" name="test_get_settings" time="0.096" /><testcase classname="tests.test_iteration2_features.TestReferralEndpoints" name="test_referral_me_and_qr" time="0.628" /><testcase classname="tests.test_iteration2_features.TestBusinesses" name="test_business_appears_only_after_approval" time="0.660" /><testcase classname="tests.test_iteration2_features.TestCoupons" name="test_first_purchase_only_requires_login" time="0.316" /><testcase classname="tests.backend_test.TestProducts" name="test_list_products_seeded" time="0.109" /></testsuite></testsuites>