<?xml version="1.0" encoding="utf-8"?><testsuites name="pytest tests"><testsuite name="pytest" errors="0" failures="0" skipped="0" tests="4" time="3.135" timestamp="2026-08-16T17:13:14.012960+00:00" hostname="agent-env-f832021f-7f34-4248-b993-9ff17e638a24"><testcase classname="tests.test_iteration5_referral_unlock_share.TestReferralImmediateUnlockAndCredit" name="test_register_unlocks_referral_and_referral_me_has_code" time="0.525" /><testcase classname="tests.test_iteration5_referral_unlock_share.TestReferralImmediateUnlockAndCredit" name="test_guest_p13_order_with_referral_credits_referrer" time="0.741" /><testcase classname="tests.test_iteration5_referral_unlock_share.TestReferralImmediateUnlockAndCredit" name="test_self_referral_does_not_credit" time="0.654" /><testcase classname="tests.test_iteration5_referral_unlock_share.TestReferralImmediateUnlockAndCredit" name="test_referral_me_migrates_old_blocked_account" time="0.122" /></testsuite></testsuites>