<?xml version="1.0" encoding="utf-8"?><testsuites name="pytest tests"><testsuite name="pytest" errors="0" failures="1" skipped="0" tests="15" time="8.698" timestamp="2026-08-15T14:47:29.110787+00:00" hostname="agent-env-f832021f-7f34-4248-b993-9ff17e638a24"><testcase classname="tests.test_iteration2_features.TestAuthPhone" name="test_register_cliente_creates_referral_code_and_session" time="0.497" /><testcase classname="tests.test_iteration2_features.TestOrderFeatures" name="test_p13_purchase_unlocks_referral" time="1.152" /><testcase classname="tests.test_iteration2_features.TestAuthPhone" name="test_register_duplicate_phone_400" time="0.609" /><testcase classname="tests.test_iteration2_features.TestAuthPhone" name="test_register_comercio_pending" time="0.560" /><testcase classname="tests.test_iteration2_features.TestOrderFeatures" name="test_referral_credits_indicator_and_blocks_self_ref" time="1.805" /><testcase classname="tests.test_iteration2_features.TestAuthPhone" name="test_login_ok_and_wrong_password" time="1.289" /><testcase classname="tests.test_iteration2_features.TestAuthPhone" name="test_brute_force_lockout_behavior" time="3.091"><failure message="AssertionError: No 429 in [401, 401, 401, 401, 401, 401, 401] — brute-force lockout not triggered (see bug: uses request.client.host which varies across ingress replicas)&#10;assert False&#10; +  where False = any(&lt;generator object TestAuthPhone.test_brute_force_lockout_behavior.&lt;locals&gt;.&lt;genexpr&gt; at 0xfb6b8d9d1f20&gt;)">backend/tests/test_iteration2_features.py:155: in test_brute_force_lockout_behavior
    assert any(c == 429 for c in codes), f"No 429 in {codes} — brute-force lockout not triggered (see bug: uses request.client.host which varies across ingress replicas)"
E   AssertionError: No 429 in [401, 401, 401, 401, 401, 401, 401] — brute-force lockout not triggered (see bug: uses request.client.host which varies across ingress replicas)
E   assert False
E    +  where False = any(&lt;generator object TestAuthPhone.test_brute_force_lockout_behavior.&lt;locals&gt;.&lt;genexpr&gt; at 0xfb6b8d9d1f20&gt;)</failure></testcase><testcase classname="tests.test_iteration2_features.TestOrderFeatures" name="test_order_with_coupon_fixed_and_use_credit" time="0.902" /><testcase classname="tests.test_iteration2_features.TestOrderFeatures" name="test_business_order_is_price_negotiable" time="1.029" /><testcase classname="tests.test_iteration2_features.TestUpload" name="test_upload_facade_jpg_and_serve" time="0.931" /><testcase classname="tests.test_iteration2_features.TestUpload" name="test_upload_rejects_bad_mime" time="0.231" /><testcase classname="tests.test_iteration2_features.TestReferralEndpoints" name="test_referral_me_and_qr" time="0.555" /><testcase classname="tests.test_iteration2_features.TestCoupons" name="test_admin_coupon_crud_and_validate" time="1.233" /><testcase classname="tests.test_iteration2_features.TestBusinesses" name="test_business_appears_only_after_approval" time="0.703" /><testcase classname="tests.test_iteration2_features.TestCoupons" name="test_first_purchase_only_requires_login" time="0.296" /></testsuite></testsuites>