<?xml version="1.0" encoding="utf-8"?><testsuites name="pytest tests"><testsuite name="pytest" errors="0" failures="0" skipped="0" tests="16" time="2.685" timestamp="2026-08-15T11:10:25.608748+00:00" hostname="agent-env-f832021f-7f34-4248-b993-9ff17e638a24"><testcase classname="tests.backend_test.TestAuth" name="test_auth_me" time="0.247" /><testcase classname="tests.backend_test.TestAdmin" name="test_non_admin_forbidden" time="0.227" /><testcase classname="tests.backend_test.TestAdmin" name="test_admin_orders" time="0.126" /><testcase classname="tests.backend_test.TestAuth" name="test_auth_me_unauthorized" time="0.168" /><testcase classname="tests.backend_test.TestAdmin" name="test_admin_clients" time="0.106" /><testcase classname="tests.backend_test.TestAuth" name="test_orders_my_empty" time="0.097" /><testcase classname="tests.backend_test.TestAdmin" name="test_admin_products_crud" time="0.532" /><testcase classname="tests.backend_test.TestAuth" name="test_loyalty_me" time="0.151" /><testcase classname="tests.backend_test.TestOrdersGuest" name="test_create_order_joao_pessoa" time="0.256" /><testcase classname="tests.backend_test.TestOrdersGuest" name="test_reject_outside_joao_pessoa" time="0.233" /><testcase classname="tests.backend_test.TestAdmin" name="test_admin_settings_update" time="0.210" /><testcase classname="tests.backend_test.TestOrdersGuest" name="test_accept_case_insensitive_city" time="0.208" /><testcase classname="tests.backend_test.TestLoyalty" name="test_11th_order_gets_discount" time="0.207" /><testcase classname="tests.backend_test.TestProducts" name="test_list_products_seeded" time="0.190" /><testcase classname="tests.backend_test.TestLoyalty" name="test_order_count_increments" time="0.002" /><testcase classname="tests.backend_test.TestSettings" name="test_get_settings" time="0.103" /></testsuite></testsuites>